<?xml version="1.0" encoding="UTF-8"?>
<testng-results skipped="0" failed="0" ignored="0" total="4" passed="4">
  <reporter-output>
  </reporter-output>
  <suite name="Suite" duration-ms="9622" started-at="2020-05-26T01:54:50 IST" finished-at="2020-05-26T01:55:00 IST">
    <groups>
      <group name="cucumber">
        <method signature="AbstractTestNGCucumberTests.runScenario(io.cucumber.testng.PickleWrapper, io.cucumber.testng.FeatureWrapper)[pri:0, instance:runner.OpenWeatherRunner@58bf8650]" name="runScenario" class="io.cucumber.testng.AbstractTestNGCucumberTests"/>
      </group> <!-- cucumber -->
    </groups>
    <test name="Test" duration-ms="9622" started-at="2020-05-26T01:54:50 IST" finished-at="2020-05-26T01:55:00 IST">
      <class name="runner.OpenWeatherRunner">
        <test-method status="PASS" signature="setUpClass()[pri:0, instance:runner.OpenWeatherRunner@58bf8650]" name="setUpClass" is-config="true" duration-ms="886" started-at="2020-05-26T01:54:50 IST" finished-at="2020-05-26T01:54:51 IST">
          <reporter-output>
          </reporter-output>
        </test-method> <!-- setUpClass -->
        <test-method status="PASS" signature="runScenario(io.cucumber.testng.PickleWrapper, io.cucumber.testng.FeatureWrapper)[pri:0, instance:runner.OpenWeatherRunner@58bf8650]" name="runScenario" duration-ms="7754" started-at="2020-05-26T01:54:51 IST" description="Runs Cucumber Scenarios" data-provider="scenarios" finished-at="2020-05-26T01:54:59 IST">
          <params>
            <param index="0">
              <value>
                <![CDATA["TC001_Get city weather by name"]]>
              </value>
            </param>
            <param index="1">
              <value>
                <![CDATA["Open weather app"]]>
              </value>
            </param>
          </params>
          <reporter-output>
          </reporter-output>
        </test-method> <!-- runScenario -->
        <test-method status="PASS" signature="runScenario(io.cucumber.testng.PickleWrapper, io.cucumber.testng.FeatureWrapper)[pri:0, instance:runner.OpenWeatherRunner@58bf8650]" name="runScenario" duration-ms="247" started-at="2020-05-26T01:54:59 IST" description="Runs Cucumber Scenarios" data-provider="scenarios" finished-at="2020-05-26T01:54:59 IST">
          <params>
            <param index="0">
              <value>
                <![CDATA["TC001_Get city weather by name"]]>
              </value>
            </param>
            <param index="1">
              <value>
                <![CDATA["Open weather app"]]>
              </value>
            </param>
          </params>
          <reporter-output>
          </reporter-output>
        </test-method> <!-- runScenario -->
        <test-method status="PASS" signature="runScenario(io.cucumber.testng.PickleWrapper, io.cucumber.testng.FeatureWrapper)[pri:0, instance:runner.OpenWeatherRunner@58bf8650]" name="runScenario" duration-ms="218" started-at="2020-05-26T01:54:59 IST" description="Runs Cucumber Scenarios" data-provider="scenarios" finished-at="2020-05-26T01:54:59 IST">
          <params>
            <param index="0">
              <value>
                <![CDATA["TC001_Get city weather by name"]]>
              </value>
            </param>
            <param index="1">
              <value>
                <![CDATA["Open weather app"]]>
              </value>
            </param>
          </params>
          <reporter-output>
          </reporter-output>
        </test-method> <!-- runScenario -->
        <test-method status="PASS" signature="runScenario(io.cucumber.testng.PickleWrapper, io.cucumber.testng.FeatureWrapper)[pri:0, instance:runner.OpenWeatherRunner@58bf8650]" name="runScenario" duration-ms="220" started-at="2020-05-26T01:54:59 IST" description="Runs Cucumber Scenarios" data-provider="scenarios" finished-at="2020-05-26T01:54:59 IST">
          <params>
            <param index="0">
              <value>
                <![CDATA["TC001_Get city weather by name"]]>
              </value>
            </param>
            <param index="1">
              <value>
                <![CDATA["Open weather app"]]>
              </value>
            </param>
          </params>
          <reporter-output>
          </reporter-output>
        </test-method> <!-- runScenario -->
        <test-method status="PASS" signature="tearDownClass()[pri:0, instance:runner.OpenWeatherRunner@58bf8650]" name="tearDownClass" is-config="true" duration-ms="167" started-at="2020-05-26T01:54:59 IST" finished-at="2020-05-26T01:55:00 IST">
          <reporter-output>
          </reporter-output>
        </test-method> <!-- tearDownClass -->
      </class> <!-- runner.OpenWeatherRunner -->
    </test> <!-- Test -->
  </suite> <!-- Suite -->
</testng-results>
