<?xml version="1.0" encoding="UTF-8"?>
<testsuite xmlns:xsi="http://www.w3.org/2001/XMLSchema-instance" xsi:noNamespaceSchemaLocation="https://maven.apache.org/surefire/maven-surefire-plugin/xsd/surefire-test-report.xsd" name="TestSuite" time="12" tests="4" errors="0" skipped="0" failures="0">
  <properties>
[...]
</properties>
  <testcase name="runScenario" classname="runner.OpenWeatherRunner" time="7.758"/>
  <testcase name="runScenario" classname="runner.OpenWeatherRunner" time="0.252"/>
  <testcase name="runScenario" classname="runner.OpenWeatherRunner" time="0.21"/>
  <testcase name="runScenario" classname="runner.OpenWeatherRunner" time="0.221"/>
</testsuite>