<?xml version="1.0" encoding="UTF-8"?>
<testng-results skipped="0" failed="0" ignored="0" total="4" passed="4">
  <reporter-output>
  </reporter-output>
  <suite name="Default suite" duration-ms="3532" started-at="2020-05-25T23:50:29 IST" finished-at="2020-05-25T23:50:33 IST">
    <groups>
      <group name="cucumber">
        <method signature="AbstractTestNGCucumberTests.runScenario(io.cucumber.testng.PickleWrapper, io.cucumber.testng.FeatureWrapper)[pri:0, instance:runner.OpenWeatherRunner@161479c6]" name="runScenario" class="io.cucumber.testng.AbstractTestNGCucumberTests"/>
      </group> <!-- cucumber -->
    </groups>
    <test name="Default test" duration-ms="3532" started-at="2020-05-25T23:50:29 IST" finished-at="2020-05-25T23:50:33 IST">
      <class name="runner.OpenWeatherRunner">
        <test-method status="PASS" signature="setUpClass()[pri:0, instance:runner.OpenWeatherRunner@161479c6]" name="setUpClass" is-config="true" duration-ms="279" started-at="2020-05-25T23:50:29 IST" finished-at="2020-05-25T23:50:30 IST">
          <reporter-output>
          </reporter-output>
        </test-method> <!-- setUpClass -->
        <test-method status="PASS" signature="runScenario(io.cucumber.testng.PickleWrapper, io.cucumber.testng.FeatureWrapper)[pri:0, instance:runner.OpenWeatherRunner@161479c6]" name="runScenario" duration-ms="2670" started-at="2020-05-25T23:50:30 IST" description="Runs Cucumber Scenarios" data-provider="scenarios" finished-at="2020-05-25T23:50:32 IST">
          <params>
            <param index="0">
              <value>
                <![CDATA["TC001_Get city weather by name"]]>
              </value>
            </param>
            <param index="1">
              <value>
                <![CDATA["Open weather app"]]>
              </value>
            </param>
          </params>
          <reporter-output>
          </reporter-output>
        </test-method> <!-- runScenario -->
        <test-method status="PASS" signature="runScenario(io.cucumber.testng.PickleWrapper, io.cucumber.testng.FeatureWrapper)[pri:0, instance:runner.OpenWeatherRunner@161479c6]" name="runScenario" duration-ms="151" started-at="2020-05-25T23:50:32 IST" description="Runs Cucumber Scenarios" data-provider="scenarios" finished-at="2020-05-25T23:50:33 IST">
          <params>
            <param index="0">
              <value>
                <![CDATA["TC001_Get city weather by name"]]>
              </value>
            </param>
            <param index="1">
              <value>
                <![CDATA["Open weather app"]]>
              </value>
            </param>
          </params>
          <reporter-output>
          </reporter-output>
        </test-method> <!-- runScenario -->
        <test-method status="PASS" signature="runScenario(io.cucumber.testng.PickleWrapper, io.cucumber.testng.FeatureWrapper)[pri:0, instance:runner.OpenWeatherRunner@161479c6]" name="runScenario" duration-ms="159" started-at="2020-05-25T23:50:33 IST" description="Runs Cucumber Scenarios" data-provider="scenarios" finished-at="2020-05-25T23:50:33 IST">
          <params>
            <param index="0">
              <value>
                <![CDATA["TC001_Get city weather by name"]]>
              </value>
            </param>
            <param index="1">
              <value>
                <![CDATA["Open weather app"]]>
              </value>
            </param>
          </params>
          <reporter-output>
          </reporter-output>
        </test-method> <!-- runScenario -->
        <test-method status="PASS" signature="runScenario(io.cucumber.testng.PickleWrapper, io.cucumber.testng.FeatureWrapper)[pri:0, instance:runner.OpenWeatherRunner@161479c6]" name="runScenario" duration-ms="142" started-at="2020-05-25T23:50:33 IST" description="Runs Cucumber Scenarios" data-provider="scenarios" finished-at="2020-05-25T23:50:33 IST">
          <params>
            <param index="0">
              <value>
                <![CDATA["TC001_Get city weather by name"]]>
              </value>
            </param>
            <param index="1">
              <value>
                <![CDATA["Open weather app"]]>
              </value>
            </param>
          </params>
          <reporter-output>
          </reporter-output>
        </test-method> <!-- runScenario -->
        <test-method status="PASS" signature="tearDownClass()[pri:0, instance:runner.OpenWeatherRunner@161479c6]" name="tearDownClass" is-config="true" duration-ms="0" started-at="2020-05-25T23:50:33 IST" finished-at="2020-05-25T23:50:33 IST">
          <reporter-output>
          </reporter-output>
        </test-method> <!-- tearDownClass -->
      </class> <!-- runner.OpenWeatherRunner -->
    </test> <!-- Default test -->
  </suite> <!-- Default suite -->
</testng-results>
